[0828/105810.002:INFO:CONSOLE(0)] "Error with Permissions-Policy header: Feature xr-spatial-tracking's parameters are ignored.", source:  (0)
[0828/105810.002:INFO:CONSOLE(0)] "Error with Permissions-Policy header: Origin trial controlled feature not enabled: 'attribution-reporting'.", source:  (0)
[0828/105810.002:INFO:CONSOLE(0)] "Error with Permissions-Policy header: Unrecognized feature: 'compute-pressure'.", source:  (0)
[0828/105810.002:INFO:CONSOLE(0)] "Error with Permissions-Policy header: Origin trial controlled feature not enabled: 'interest-cohort'.", source:  (0)
[0828/105810.002:INFO:CONSOLE(0)] "Error with Permissions-Policy header: Unrecognized feature: 'private-state-token-issuance'.", source:  (0)
[0828/105810.002:INFO:CONSOLE(0)] "Error with Permissions-Policy header: Origin trial controlled feature not enabled: 'shared-storage'.", source:  (0)
[0828/105810.002:INFO:CONSOLE(0)] "Error with Permissions-Policy header: Unrecognized feature: 'shared-storage-select-url'.", source:  (0)
[0828/105810.002:INFO:CONSOLE(0)] "Error with Permissions-Policy header: Unrecognized feature: 'private-state-token-redemption'.", source:  (0)
[0828/105810.003:INFO:CONSOLE(0)] "Error with Permissions-Policy header: Unrecognized feature: 'unload'.", source:  (0)
[0828/105810.003:INFO:CONSOLE(0)] "Error with Permissions-Policy header: Unrecognized feature: 'window-management'.", source:  (0)
[0828/105810.003:INFO:CONSOLE(0)] "Document-Policy HTTP header: Unrecognized document policy feature name include-js-call-stacks-in-crash-reports.", source: https://web.whatsapp.com/ (0)
[0828/105811.932:INFO:CONSOLE(114)] "Event handler of 'x-storagemutated-1' event must be added on the initial evaluation of worker script.", source: https://static.whatsapp.net/rsrc.php/v4/yK/r/GF9-f_r_Qa0.js (114)
[0828/105907.549:INFO:CONSOLE(114)] "Event handler of 'x-storagemutated-1' event must be added on the initial evaluation of worker script.", source: https://static.whatsapp.net/rsrc.php/v4/yK/r/GF9-f_r_Qa0.js (114)
[0828/110037.257:INFO:CONSOLE(114)] "Event handler of 'x-storagemutated-1' event must be added on the initial evaluation of worker script.", source: https://static.whatsapp.net/rsrc.php/v4/yK/r/GF9-f_r_Qa0.js (114)
[0828/110319.590:INFO:CONSOLE(114)] "Event handler of 'x-storagemutated-1' event must be added on the initial evaluation of worker script.", source: https://static.whatsapp.net/rsrc.php/v4/yK/r/GF9-f_r_Qa0.js (114)
[0828/110409.745:INFO:CONSOLE(903)] "Failed to parse video contentType: video/mp4; codecs=avc1.42000a", source: https://static.whatsapp.net/rsrc.php/v4iZYx4/ye/l/es_LA-j/suIrKz5-fqw.js (903)
[0828/110409.746:INFO:CONSOLE(903)] "Failed to parse video contentType: video/mp4; codecs=hev1.1.6.L93.B0", source: https://static.whatsapp.net/rsrc.php/v4iZYx4/ye/l/es_LA-j/suIrKz5-fqw.js (903)
[0828/110410.424:INFO:CONSOLE(114)] "Event handler of 'x-storagemutated-1' event must be added on the initial evaluation of worker script.", source: https://static.whatsapp.net/rsrc.php/v4/yK/r/GF9-f_r_Qa0.js (114)
[0828/110658.626:INFO:CONSOLE(114)] "Event handler of 'x-storagemutated-1' event must be added on the initial evaluation of worker script.", source: https://static.whatsapp.net/rsrc.php/v4/yK/r/GF9-f_r_Qa0.js (114)
[0828/111758.302:WARNING:dns_config_service_win.cc(584)] Failed to read DnsConfig.
[0828/111758.647:INFO:CONSOLE(114)] "Event handler of 'x-storagemutated-1' event must be added on the initial evaluation of worker script.", source: https://static.whatsapp.net/rsrc.php/v4/yK/r/GF9-f_r_Qa0.js (114)
[0828/111829.802:WARNING:dns_config_service_win.cc(584)] Failed to read DnsConfig.
[0828/111838.305:INFO:CONSOLE(114)] "Event handler of 'x-storagemutated-1' event must be added on the initial evaluation of worker script.", source: https://static.whatsapp.net/rsrc.php/v4/yK/r/GF9-f_r_Qa0.js (114)
[0828/112500.217:INFO:CONSOLE(114)] "Event handler of 'x-storagemutated-1' event must be added on the initial evaluation of worker script.", source: https://static.whatsapp.net/rsrc.php/v4/yK/r/GF9-f_r_Qa0.js (114)
[0828/112644.840:INFO:CONSOLE(114)] "Event handler of 'x-storagemutated-1' event must be added on the initial evaluation of worker script.", source: https://static.whatsapp.net/rsrc.php/v4/yK/r/GF9-f_r_Qa0.js (114)
[0828/112828.777:INFO:CONSOLE(114)] "Event handler of 'x-storagemutated-1' event must be added on the initial evaluation of worker script.", source: https://static.whatsapp.net/rsrc.php/v4/yK/r/GF9-f_r_Qa0.js (114)
[0828/112918.787:INFO:CONSOLE(114)] "Event handler of 'x-storagemutated-1' event must be added on the initial evaluation of worker script.", source: https://static.whatsapp.net/rsrc.php/v4/yK/r/GF9-f_r_Qa0.js (114)
[0828/113234.994:INFO:CONSOLE(114)] "Event handler of 'x-storagemutated-1' event must be added on the initial evaluation of worker script.", source: https://static.whatsapp.net/rsrc.php/v4/yK/r/GF9-f_r_Qa0.js (114)
[0828/113357.438:WARNING:dns_config_service_win.cc(584)] Failed to read DnsConfig.
[0828/113357.711:INFO:CONSOLE(114)] "Event handler of 'x-storagemutated-1' event must be added on the initial evaluation of worker script.", source: https://static.whatsapp.net/rsrc.php/v4/yK/r/GF9-f_r_Qa0.js (114)
[0828/113428.135:WARNING:dns_config_service_win.cc(584)] Failed to read DnsConfig.
[0828/113439.107:INFO:CONSOLE(114)] "Event handler of 'x-storagemutated-1' event must be added on the initial evaluation of worker script.", source: https://static.whatsapp.net/rsrc.php/v4/yK/r/GF9-f_r_Qa0.js (114)
[0828/114210.250:INFO:CONSOLE(114)] "Event handler of 'x-storagemutated-1' event must be added on the initial evaluation of worker script.", source: https://static.whatsapp.net/rsrc.php/v4/yK/r/GF9-f_r_Qa0.js (114)
[0828/114831.069:INFO:CONSOLE(114)] "Event handler of 'x-storagemutated-1' event must be added on the initial evaluation of worker script.", source: https://static.whatsapp.net/rsrc.php/v4/yK/r/GF9-f_r_Qa0.js (114)
[0828/115505.353:INFO:CONSOLE(114)] "Event handler of 'x-storagemutated-1' event must be added on the initial evaluation of worker script.", source: https://static.whatsapp.net/rsrc.php/v4/yK/r/GF9-f_r_Qa0.js (114)
[0828/120610.970:INFO:CONSOLE(114)] "Event handler of 'x-storagemutated-1' event must be added on the initial evaluation of worker script.", source: https://static.whatsapp.net/rsrc.php/v4/yK/r/GF9-f_r_Qa0.js (114)
[0828/121800.618:INFO:CONSOLE(114)] "Event handler of 'x-storagemutated-1' event must be added on the initial evaluation of worker script.", source: https://static.whatsapp.net/rsrc.php/v4/yK/r/GF9-f_r_Qa0.js (114)
[0828/121834.904:INFO:CONSOLE(114)] "Event handler of 'x-storagemutated-1' event must be added on the initial evaluation of worker script.", source: https://static.whatsapp.net/rsrc.php/v4/yK/r/GF9-f_r_Qa0.js (114)
[0828/121953.115:INFO:CONSOLE(114)] "Event handler of 'x-storagemutated-1' event must be added on the initial evaluation of worker script.", source: https://static.whatsapp.net/rsrc.php/v4/yK/r/GF9-f_r_Qa0.js (114)
[0828/122059.301:INFO:CONSOLE(114)] "Event handler of 'x-storagemutated-1' event must be added on the initial evaluation of worker script.", source: https://static.whatsapp.net/rsrc.php/v4/yK/r/GF9-f_r_Qa0.js (114)
[0828/123151.409:INFO:CONSOLE(114)] "Event handler of 'x-storagemutated-1' event must be added on the initial evaluation of worker script.", source: https://static.whatsapp.net/rsrc.php/v4/yK/r/GF9-f_r_Qa0.js (114)
[0828/123222.931:WARNING:dns_config_service_win.cc(584)] Failed to read DnsConfig.
[0828/160028.228:WARNING:dns_config_service_win.cc(584)] Failed to read DnsConfig.
[0828/160043.541:INFO:CONSOLE(114)] "Event handler of 'x-storagemutated-1' event must be added on the initial evaluation of worker script.", source: https://static.whatsapp.net/rsrc.php/v4/yK/r/GF9-f_r_Qa0.js (114)
[0828/160059.193:INFO:CONSOLE(0)] "Uncaught (in promise) Invariant Violation: Minified invariant #56356; %s", source: https://web.whatsapp.com/ (0)
[0828/160101.022:INFO:CONSOLE(0)] "Uncaught (in promise) Invariant Violation: Minified invariant #56356; %s", source: https://web.whatsapp.com/ (0)
[0828/160103.929:INFO:CONSOLE(0)] "Uncaught (in promise) Invariant Violation: Minified invariant #56356; %s", source: https://web.whatsapp.com/ (0)
[0828/160107.905:INFO:CONSOLE(0)] "Uncaught (in promise) Invariant Violation: Minified invariant #56356; %s", source: https://web.whatsapp.com/ (0)
[0828/160113.863:INFO:CONSOLE(0)] "Uncaught (in promise) Invariant Violation: Minified invariant #56356; %s", source: https://web.whatsapp.com/ (0)
[0828/160122.797:INFO:CONSOLE(0)] "Uncaught (in promise) Invariant Violation: Minified invariant #56356; %s", source: https://web.whatsapp.com/ (0)
[0828/160136.644:INFO:CONSOLE(0)] "Uncaught (in promise) Invariant Violation: Minified invariant #56356; %s", source: https://web.whatsapp.com/ (0)
[0828/160200.150:INFO:CONSOLE(0)] "Uncaught (in promise) Invariant Violation: Minified invariant #56356; %s", source: https://web.whatsapp.com/ (0)
[0828/160237.037:INFO:CONSOLE(0)] "Uncaught (in promise) Invariant Violation: Minified invariant #56356; %s", source: https://web.whatsapp.com/ (0)
[0828/160335.621:INFO:CONSOLE(0)] "Uncaught (in promise) Invariant Violation: Minified invariant #56356; %s", source: https://web.whatsapp.com/ (0)
[0828/160343.342:INFO:CONSOLE(0)] "Uncaught (in promise) Error: Unexpected null or undefined: me", source: https://web.whatsapp.com/ (0)
[0828/160343.843:INFO:CONSOLE(114)] "Event handler of 'x-storagemutated-1' event must be added on the initial evaluation of worker script.", source: https://static.whatsapp.net/rsrc.php/v4/yK/r/GF9-f_r_Qa0.js (114)
[0828/160343.878:INFO:CONSOLE(0)] "Error with Permissions-Policy header: Feature xr-spatial-tracking's parameters are ignored.", source:  (0)
[0828/160343.878:INFO:CONSOLE(0)] "Error with Permissions-Policy header: Origin trial controlled feature not enabled: 'attribution-reporting'.", source:  (0)
[0828/160343.878:INFO:CONSOLE(0)] "Error with Permissions-Policy header: Unrecognized feature: 'compute-pressure'.", source:  (0)
[0828/160343.878:INFO:CONSOLE(0)] "Error with Permissions-Policy header: Origin trial controlled feature not enabled: 'interest-cohort'.", source:  (0)
[0828/160343.879:INFO:CONSOLE(0)] "Error with Permissions-Policy header: Unrecognized feature: 'private-state-token-issuance'.", source:  (0)
[0828/160343.879:INFO:CONSOLE(0)] "Error with Permissions-Policy header: Origin trial controlled feature not enabled: 'shared-storage'.", source:  (0)
[0828/160343.879:INFO:CONSOLE(0)] "Error with Permissions-Policy header: Unrecognized feature: 'shared-storage-select-url'.", source:  (0)
[0828/160343.879:INFO:CONSOLE(0)] "Error with Permissions-Policy header: Unrecognized feature: 'private-state-token-redemption'.", source:  (0)
[0828/160343.879:INFO:CONSOLE(0)] "Error with Permissions-Policy header: Unrecognized feature: 'unload'.", source:  (0)
[0828/160343.879:INFO:CONSOLE(0)] "Error with Permissions-Policy header: Unrecognized feature: 'window-management'.", source:  (0)
[0828/160343.879:INFO:CONSOLE(0)] "Document-Policy HTTP header: Unrecognized document policy feature name include-js-call-stacks-in-crash-reports.", source: https://web.whatsapp.com/ (0)
[0828/160345.724:INFO:CONSOLE(115)] "Event handler of 'x-storagemutated-1' event must be added on the initial evaluation of worker script.", source: https://static.whatsapp.net/rsrc.php/v4/yN/r/NYOKzc-UDkJ.js (115)
[0828/160719.450:INFO:CONSOLE(115)] "Event handler of 'x-storagemutated-1' event must be added on the initial evaluation of worker script.", source: https://static.whatsapp.net/rsrc.php/v4/yN/r/NYOKzc-UDkJ.js (115)
[0828/160845.157:INFO:CONSOLE(115)] "Event handler of 'x-storagemutated-1' event must be added on the initial evaluation of worker script.", source: https://static.whatsapp.net/rsrc.php/v4/yN/r/NYOKzc-UDkJ.js (115)
[0828/161050.931:INFO:CONSOLE(115)] "Event handler of 'x-storagemutated-1' event must be added on the initial evaluation of worker script.", source: https://static.whatsapp.net/rsrc.php/v4/yN/r/NYOKzc-UDkJ.js (115)
[0828/161421.867:INFO:CONSOLE(115)] "Event handler of 'x-storagemutated-1' event must be added on the initial evaluation of worker script.", source: https://static.whatsapp.net/rsrc.php/v4/yN/r/NYOKzc-UDkJ.js (115)
[0828/161753.073:INFO:CONSOLE(115)] "Event handler of 'x-storagemutated-1' event must be added on the initial evaluation of worker script.", source: https://static.whatsapp.net/rsrc.php/v4/yN/r/NYOKzc-UDkJ.js (115)
[0828/162124.102:INFO:CONSOLE(115)] "Event handler of 'x-storagemutated-1' event must be added on the initial evaluation of worker script.", source: https://static.whatsapp.net/rsrc.php/v4/yN/r/NYOKzc-UDkJ.js (115)
[0828/162455.033:INFO:CONSOLE(115)] "Event handler of 'x-storagemutated-1' event must be added on the initial evaluation of worker script.", source: https://static.whatsapp.net/rsrc.php/v4/yN/r/NYOKzc-UDkJ.js (115)
[0828/162826.267:INFO:CONSOLE(115)] "Event handler of 'x-storagemutated-1' event must be added on the initial evaluation of worker script.", source: https://static.whatsapp.net/rsrc.php/v4/yN/r/NYOKzc-UDkJ.js (115)
[0828/163157.453:INFO:CONSOLE(115)] "Event handler of 'x-storagemutated-1' event must be added on the initial evaluation of worker script.", source: https://static.whatsapp.net/rsrc.php/v4/yN/r/NYOKzc-UDkJ.js (115)
[0828/163528.801:INFO:CONSOLE(115)] "Event handler of 'x-storagemutated-1' event must be added on the initial evaluation of worker script.", source: https://static.whatsapp.net/rsrc.php/v4/yN/r/NYOKzc-UDkJ.js (115)
[0828/163900.035:INFO:CONSOLE(115)] "Event handler of 'x-storagemutated-1' event must be added on the initial evaluation of worker script.", source: https://static.whatsapp.net/rsrc.php/v4/yN/r/NYOKzc-UDkJ.js (115)
[0828/164231.056:INFO:CONSOLE(115)] "Event handler of 'x-storagemutated-1' event must be added on the initial evaluation of worker script.", source: https://static.whatsapp.net/rsrc.php/v4/yN/r/NYOKzc-UDkJ.js (115)
[0828/164602.059:INFO:CONSOLE(115)] "Event handler of 'x-storagemutated-1' event must be added on the initial evaluation of worker script.", source: https://static.whatsapp.net/rsrc.php/v4/yN/r/NYOKzc-UDkJ.js (115)
[0828/164627.616:WARNING:dns_config_service_win.cc(584)] Failed to read DnsConfig.
[0828/171216.036:WARNING:dns_config_service_win.cc(584)] Failed to read DnsConfig.
[0828/171601.333:INFO:CONSOLE(115)] "Event handler of 'x-storagemutated-1' event must be added on the initial evaluation of worker script.", source: https://static.whatsapp.net/rsrc.php/v4/yN/r/NYOKzc-UDkJ.js (115)
[0828/171932.525:INFO:CONSOLE(115)] "Event handler of 'x-storagemutated-1' event must be added on the initial evaluation of worker script.", source: https://static.whatsapp.net/rsrc.php/v4/yN/r/NYOKzc-UDkJ.js (115)
[0828/172303.734:INFO:CONSOLE(115)] "Event handler of 'x-storagemutated-1' event must be added on the initial evaluation of worker script.", source: https://static.whatsapp.net/rsrc.php/v4/yN/r/NYOKzc-UDkJ.js (115)
[0828/172634.790:INFO:CONSOLE(115)] "Event handler of 'x-storagemutated-1' event must be added on the initial evaluation of worker script.", source: https://static.whatsapp.net/rsrc.php/v4/yN/r/NYOKzc-UDkJ.js (115)
[0828/173005.947:INFO:CONSOLE(115)] "Event handler of 'x-storagemutated-1' event must be added on the initial evaluation of worker script.", source: https://static.whatsapp.net/rsrc.php/v4/yN/r/NYOKzc-UDkJ.js (115)
[0828/173337.114:INFO:CONSOLE(115)] "Event handler of 'x-storagemutated-1' event must be added on the initial evaluation of worker script.", source: https://static.whatsapp.net/rsrc.php/v4/yN/r/NYOKzc-UDkJ.js (115)
[0828/173708.433:INFO:CONSOLE(115)] "Event handler of 'x-storagemutated-1' event must be added on the initial evaluation of worker script.", source: https://static.whatsapp.net/rsrc.php/v4/yN/r/NYOKzc-UDkJ.js (115)
[0828/173747.061:WARNING:dns_config_service_win.cc(584)] Failed to read DnsConfig.
[0828/173747.253:INFO:CONSOLE(115)] "Event handler of 'x-storagemutated-1' event must be added on the initial evaluation of worker script.", source: https://static.whatsapp.net/rsrc.php/v4/yN/r/NYOKzc-UDkJ.js (115)
[0828/234951.880:WARNING:dns_config_service_win.cc(584)] Failed to read DnsConfig.
[0828/235332.662:INFO:CONSOLE(115)] "Event handler of 'x-storagemutated-1' event must be added on the initial evaluation of worker script.", source: https://static.whatsapp.net/rsrc.php/v4/yN/r/NYOKzc-UDkJ.js (115)
[0828/235703.975:INFO:CONSOLE(115)] "Event handler of 'x-storagemutated-1' event must be added on the initial evaluation of worker script.", source: https://static.whatsapp.net/rsrc.php/v4/yN/r/NYOKzc-UDkJ.js (115)
[0829/000035.200:INFO:CONSOLE(115)] "Event handler of 'x-storagemutated-1' event must be added on the initial evaluation of worker script.", source: https://static.whatsapp.net/rsrc.php/v4/yN/r/NYOKzc-UDkJ.js (115)
[0829/000406.279:INFO:CONSOLE(115)] "Event handler of 'x-storagemutated-1' event must be added on the initial evaluation of worker script.", source: https://static.whatsapp.net/rsrc.php/v4/yN/r/NYOKzc-UDkJ.js (115)
[0829/000737.711:INFO:CONSOLE(115)] "Event handler of 'x-storagemutated-1' event must be added on the initial evaluation of worker script.", source: https://static.whatsapp.net/rsrc.php/v4/yN/r/NYOKzc-UDkJ.js (115)
[0829/001108.326:INFO:CONSOLE(115)] "Event handler of 'x-storagemutated-1' event must be added on the initial evaluation of worker script.", source: https://static.whatsapp.net/rsrc.php/v4/yN/r/NYOKzc-UDkJ.js (115)
[0829/001439.303:INFO:CONSOLE(115)] "Event handler of 'x-storagemutated-1' event must be added on the initial evaluation of worker script.", source: https://static.whatsapp.net/rsrc.php/v4/yN/r/NYOKzc-UDkJ.js (115)
[0829/001810.318:INFO:CONSOLE(115)] "Event handler of 'x-storagemutated-1' event must be added on the initial evaluation of worker script.", source: https://static.whatsapp.net/rsrc.php/v4/yN/r/NYOKzc-UDkJ.js (115)
[0829/002141.537:INFO:CONSOLE(115)] "Event handler of 'x-storagemutated-1' event must be added on the initial evaluation of worker script.", source: https://static.whatsapp.net/rsrc.php/v4/yN/r/NYOKzc-UDkJ.js (115)
[0829/002512.895:INFO:CONSOLE(115)] "Event handler of 'x-storagemutated-1' event must be added on the initial evaluation of worker script.", source: https://static.whatsapp.net/rsrc.php/v4/yN/r/NYOKzc-UDkJ.js (115)
[0829/002844.142:INFO:CONSOLE(115)] "Event handler of 'x-storagemutated-1' event must be added on the initial evaluation of worker script.", source: https://static.whatsapp.net/rsrc.php/v4/yN/r/NYOKzc-UDkJ.js (115)
[0829/003214.504:INFO:CONSOLE(115)] "Event handler of 'x-storagemutated-1' event must be added on the initial evaluation of worker script.", source: https://static.whatsapp.net/rsrc.php/v4/yN/r/NYOKzc-UDkJ.js (115)
[0829/003545.765:INFO:CONSOLE(115)] "Event handler of 'x-storagemutated-1' event must be added on the initial evaluation of worker script.", source: https://static.whatsapp.net/rsrc.php/v4/yN/r/NYOKzc-UDkJ.js (115)
[0829/003916.719:INFO:CONSOLE(115)] "Event handler of 'x-storagemutated-1' event must be added on the initial evaluation of worker script.", source: https://static.whatsapp.net/rsrc.php/v4/yN/r/NYOKzc-UDkJ.js (115)
[0829/004247.731:INFO:CONSOLE(115)] "Event handler of 'x-storagemutated-1' event must be added on the initial evaluation of worker script.", source: https://static.whatsapp.net/rsrc.php/v4/yN/r/NYOKzc-UDkJ.js (115)
[0829/004619.030:INFO:CONSOLE(115)] "Event handler of 'x-storagemutated-1' event must be added on the initial evaluation of worker script.", source: https://static.whatsapp.net/rsrc.php/v4/yN/r/NYOKzc-UDkJ.js (115)
[0829/004950.422:INFO:CONSOLE(115)] "Event handler of 'x-storagemutated-1' event must be added on the initial evaluation of worker script.", source: https://static.whatsapp.net/rsrc.php/v4/yN/r/NYOKzc-UDkJ.js (115)
[0829/005321.139:INFO:CONSOLE(115)] "Event handler of 'x-storagemutated-1' event must be added on the initial evaluation of worker script.", source: https://static.whatsapp.net/rsrc.php/v4/yN/r/NYOKzc-UDkJ.js (115)
[0829/005652.282:INFO:CONSOLE(115)] "Event handler of 'x-storagemutated-1' event must be added on the initial evaluation of worker script.", source: https://static.whatsapp.net/rsrc.php/v4/yN/r/NYOKzc-UDkJ.js (115)
[0829/010023.494:INFO:CONSOLE(115)] "Event handler of 'x-storagemutated-1' event must be added on the initial evaluation of worker script.", source: https://static.whatsapp.net/rsrc.php/v4/yN/r/NYOKzc-UDkJ.js (115)
[0829/010354.611:INFO:CONSOLE(115)] "Event handler of 'x-storagemutated-1' event must be added on the initial evaluation of worker script.", source: https://static.whatsapp.net/rsrc.php/v4/yN/r/NYOKzc-UDkJ.js (115)
[0829/010725.853:INFO:CONSOLE(115)] "Event handler of 'x-storagemutated-1' event must be added on the initial evaluation of worker script.", source: https://static.whatsapp.net/rsrc.php/v4/yN/r/NYOKzc-UDkJ.js (115)
[0829/011057.019:INFO:CONSOLE(115)] "Event handler of 'x-storagemutated-1' event must be added on the initial evaluation of worker script.", source: https://static.whatsapp.net/rsrc.php/v4/yN/r/NYOKzc-UDkJ.js (115)
[0829/011428.320:INFO:CONSOLE(115)] "Event handler of 'x-storagemutated-1' event must be added on the initial evaluation of worker script.", source: https://static.whatsapp.net/rsrc.php/v4/yN/r/NYOKzc-UDkJ.js (115)
[0829/011503.506:INFO:CONSOLE(115)] "Event handler of 'x-storagemutated-1' event must be added on the initial evaluation of worker script.", source: https://static.whatsapp.net/rsrc.php/v4/yN/r/NYOKzc-UDkJ.js (115)
[0829/011835.016:INFO:CONSOLE(115)] "Event handler of 'x-storagemutated-1' event must be added on the initial evaluation of worker script.", source: https://static.whatsapp.net/rsrc.php/v4/yN/r/NYOKzc-UDkJ.js (115)
[0829/012206.289:INFO:CONSOLE(115)] "Event handler of 'x-storagemutated-1' event must be added on the initial evaluation of worker script.", source: https://static.whatsapp.net/rsrc.php/v4/yN/r/NYOKzc-UDkJ.js (115)
[0829/012537.662:INFO:CONSOLE(115)] "Event handler of 'x-storagemutated-1' event must be added on the initial evaluation of worker script.", source: https://static.whatsapp.net/rsrc.php/v4/yN/r/NYOKzc-UDkJ.js (115)
[0829/012908.950:INFO:CONSOLE(115)] "Event handler of 'x-storagemutated-1' event must be added on the initial evaluation of worker script.", source: https://static.whatsapp.net/rsrc.php/v4/yN/r/NYOKzc-UDkJ.js (115)
[0829/013240.137:INFO:CONSOLE(115)] "Event handler of 'x-storagemutated-1' event must be added on the initial evaluation of worker script.", source: https://static.whatsapp.net/rsrc.php/v4/yN/r/NYOKzc-UDkJ.js (115)
